waiting for score_batch_IN_2026-06-25_scored.csv...
waiting for score_batch_IN_2026-06-25_scored.csv...
waiting for score_batch_IN_2026-06-25_scored.csv...
waiting for score_batch_IN_2026-06-25_scored.csv...
waiting for score_batch_IN_2026-06-25_scored.csv...
waiting for score_batch_IN_2026-06-25_scored.csv...
waiting for score_batch_IN_2026-06-25_scored.csv...
waiting for score_batch_IN_2026-06-25_scored.csv...
waiting for score_batch_IN_2026-06-25_scored.csv...
waiting for score_batch_IN_2026-06-25_scored.csv...
waiting for score_batch_IN_2026-06-25_scored.csv...
waiting for score_batch_IN_2026-06-25_scored.csv...
waiting for score_batch_IN_2026-06-25_scored.csv...
waiting for score_batch_IN_2026-06-25_scored.csv...
waiting for score_batch_IN_2026-06-25_scored.csv...
waiting for score_batch_IN_2026-06-25_scored.csv...
waiting for score_batch_IN_2026-06-25_scored.csv...
waiting for score_batch_IN_2026-06-25_scored.csv...
waiting for score_batch_IN_2026-06-25_scored.csv...
waiting for score_batch_IN_2026-06-25_scored.csv...
waiting for score_batch_IN_2026-06-25_scored.csv...
waiting for score_batch_IN_2026-06-25_scored.csv...
waiting for score_batch_IN_2026-06-25_scored.csv...
waiting for score_batch_IN_2026-06-25_scored.csv...
waiting for score_batch_IN_2026-06-25_scored.csv...
waiting for score_batch_IN_2026-06-25_scored.csv...
waiting for score_batch_IN_2026-06-25_scored.csv...
waiting for score_batch_IN_2026-06-25_scored.csv...
waiting for score_batch_IN_2026-06-25_scored.csv...
waiting for score_batch_IN_2026-06-25_scored.csv...
waiting for score_batch_IN_2026-06-25_scored.csv...
waiting for score_batch_IN_2026-06-25_scored.csv...
waiting for score_batch_IN_2026-06-25_scored.csv...
waiting for score_batch_IN_2026-06-25_scored.csv...
waiting for score_batch_IN_2026-06-25_scored.csv...
waiting for score_batch_IN_2026-06-25_scored.csv...
waiting for score_batch_IN_2026-06-25_scored.csv...
waiting for score_batch_IN_2026-06-25_scored.csv...
waiting for score_batch_IN_2026-06-25_scored.csv...
waiting for score_batch_IN_2026-06-25_scored.csv...
waiting for score_batch_IN_2026-06-25_scored.csv...
waiting for score_batch_IN_2026-06-25_scored.csv...
saved score_batch_IN_2026-06-25: 43/80 ready | cumulative 43/80
waiting for score_batch_OTHERS_2026-06-25_scored.csv...
waiting for score_batch_OTHERS_2026-06-25_scored.csv...
waiting for score_batch_OTHERS_2026-06-25_scored.csv...
skip (done): score_batch_IN_2026-06-25

=== scoring score_batch_OTHERS_2026-06-25 (India) ===
scored Crypto Fx Information: 48
scored Crypto Aarav: 12.2
scored CRYPTO SANTA: 11.8
scored Crypto Arshad: 15
scored Crypto Ranjan: 48.9
scored Never Forget This Knowledge: 63.8
scored Crypto Orbit: 13.5
{
  "input": "/Users/kennyyifeichen/Downloads/RedotPay-KOL-BD/creator-data/queues/batches/score_batch_OTHERS_2026-06-25.csv",
  "scored_full": "/Users/kennyyifeichen/Downloads/RedotPay-KOL-BD/creator-data/queues/batches/score_batch_OTHERS_2026-06-25_scored.csv",
  "ready_ge60": "/Users/kennyyifeichen/Downloads/RedotPay-KOL-BD/creator-data/queues/batches/score_batch_OTHERS_2026-06-25_ready.csv",
  "total": 7,
  "scored": 7,
  "ready_for_contact": 1,
  "added_to_ras_blacklist": 6,
  "already_in_db": 2,
  "report_refresh_triggered": 5,
  "failed": 0,
  "top": [
    {
      "name": "Never Forget This Knowledge",
      "ras": "63.8",
      "verdict": "Good Fit",
      "email": "rajeshnft100@gmail.com"
    }
  ],
  "blacklisted": [
    {
      "name": "Crypto Ranjan",
      "ras": "48.9",
      "verdict": "Watchlist"
    },
    {
      "name": "Crypto Fx Information",
      "ras": "48",
      "verdict": "Watchlist"
    },
    {
      "name": "Crypto Arshad",
      "ras": "15",
      "verdict": "Exclude"
    },
    {
      "name": "Crypto Orbit",
      "ras": "13.5",
      "verdict": "Exclude"
    },
    {
      "name": "Crypto Aarav",
      "ras": "12.2",
      "verdict": "Exclude"
    },
    {
      "name": "CRYPTO SANTA",
      "ras": "11.8",
      "verdict": "Exclude"
    }
  ]
}
saved score_batch_OTHERS_2026-06-25: 1/7 ready | cumulative 44/87

=== scoring score_batch_CO_2026-06-25 (Colombia) ===
scored Libertad FINANCIERA Cryptos 🚀: 70.1
scored CAMBIATON: 63.3
scored Francheskita Rojas: 45.9
scored BTC Andres: 59.1
scored Investment Ideas: 56.8
scored ANDRÉS ARISTIZÁBAL: 52.5
scored Sebastián Álvarez Herrera: 59.6
scored Crypto Jams: 65.5
scored INVERTIR SIN MIEDO: 57.6
scored Semillero de Ingresos: 49.3
scored Cripto Ganancias: 35
scored Luiyi Recargado 2.0: 41.3
scored Zona Disruptiva: 59.2
scored SINERGIA GROUP: 54.5
scored Analista ERC: 43.2
scored DiarioCam: 32.4
scored Cripto Inversiones: 57.1
scored Inverplek: 52.6
scored ManAni: 45
scored David Mentoria: 56.2
scored Cripto Academia: 57.4
scored emprendedores de hoy: 59.9
scored Ludwing Urbina: 53.6
scored Bitcoin la Mejor Inversión: 56.3
scored Aprendiendo Conmigo Gratis: 46.9
scored MENTES PELIGROSAS: 44.3
scored DOCUMENTALES EL MUNDO - ESPAÑOL: 34.1
scored FUTNEXUS: 40.2
scored FORMULA ECONOMICA: 69.8
{
  "input": "/Users/kennyyifeichen/Downloads/RedotPay-KOL-BD/creator-data/queues/batches/score_batch_CO_2026-06-25.csv",
  "scored_full": "/Users/kennyyifeichen/Downloads/RedotPay-KOL-BD/creator-data/queues/batches/score_batch_CO_2026-06-25_scored.csv",
  "ready_ge60": "/Users/kennyyifeichen/Downloads/RedotPay-KOL-BD/creator-data/queues/batches/score_batch_CO_2026-06-25_ready.csv",
  "total": 29,
  "scored": 29,
  "ready_for_contact": 4,
  "added_to_ras_blacklist": 25,
  "already_in_db": 2,
  "report_refresh_triggered": 27,
  "failed": 0,
  "top": [
    {
      "name": "Libertad FINANCIERA Cryptos 🚀",
      "ras": "70.1",
      "verdict": "Good Fit",
      "email": "libertadfinancierabusiness@gmail.com"
    },
    {
      "name": "FORMULA ECONOMICA",
      "ras": "69.8",
      "verdict": "Good Fit",
      "email": "contacto.formulaeconomica@gmail.com"
    },
    {
      "name": "Crypto Jams",
      "ras": "65.5",
      "verdict": "Good Fit",
      "email": "cryptojamsbussines@gmail.com"
    },
    {
      "name": "CAMBIATON",
      "ras": "63.3",
      "verdict": "Good Fit",
      "email": "cambiatonoficial@gmail.com"
    }
  ],
  "blacklisted": [
    {
      "name": "emprendedores de hoy",
      "ras": "59.9",
      "verdict": "Watchlist"
    },
    {
      "name": "Sebastián Álvarez Herrera",
      "ras": "59.6",
      "verdict": "Watchlist"
    },
    {
      "name": "Zona Disruptiva",
      "ras": "59.2",
      "verdict": "Watchlist"
    },
    {
      "name": "BTC Andres",
      "ras": "59.1",
      "verdict": "Watchlist"
    },
    {
      "name": "INVERTIR SIN MIEDO",
      "ras": "57.6",
      "verdict": "Watchlist"
    },
    {
      "name": "Cripto Academia",
      "ras": "57.4",
      "verdict": "Watchlist"
    },
    {
      "name": "Cripto Inversiones",
      "ras": "57.1",
      "verdict": "Watchlist"
    },
    {
      "name": "Investment Ideas",
      "ras": "56.8",
      "verdict": "Watchlist"
    },
    {
      "name": "Bitcoin la Mejor Inversión",
      "ras": "56.3",
      "verdict": "Watchlist"
    },
    {
      "name": "David Mentoria",
      "ras": "56.2",
      "verdict": "Watchlist"
    },
    {
      "name": "SINERGIA GROUP",
      "ras": "54.5",
      "verdict": "Watchlist"
    },
    {
      "name": "Ludwing Urbina",
      "ras": "53.6",
      "verdict": "Watchlist"
    },
    {
      "name": "Inverplek",
      "ras": "52.6",
      "verdict": "Watchlist"
    },
    {
      "name": "ANDRÉS ARISTIZÁBAL",
      "ras": "52.5",
      "verdict": "Watchlist"
    },
    {
      "name": "Semillero de Ingresos",
      "ras": "49.3",
      "verdict": "Watchlist"
    },
    {
      "name": "Aprendiendo Conmigo Gratis",
      "ras": "46.9",
      "verdict": "Watchlist"
    },
    {
      "name": "Francheskita Rojas",
      "ras": "45.9",
      "verdict": "Watchlist"
    },
    {
      "name": "ManAni",
      "ras": "45",
      "verdict": "Watchlist"
    },
    {
      "name": "MENTES PELIGROSAS",
      "ras": "44.3",
      "verdict": "Exclude"
    },
    {
      "name": "Analista ERC",
      "ras": "43.2",
      "verdict": "Exclude"
    },
    {
      "name": "Luiyi Recargado 2.0",
      "ras": "41.3",
      "verdict": "Exclude"
    },
    {
      "name": "FUTNEXUS",
      "ras": "40.2",
      "verdict": "Exclude"
    },
    {
      "name": "Cripto Ganancias",
      "ras": "35",
      "verdict": "Exclude"
    },
    {
      "name": "DOCUMENTALES EL MUNDO - ESPAÑOL",
      "ras": "34.1",
      "verdict": "Exclude"
    },
    {
      "name": "DiarioCam",
      "ras": "32.4",
      "verdict": "Exclude"
    }
  ]
}
saved score_batch_CO_2026-06-25: 4/29 ready | cumulative 48/116

=== scoring score_batch_AR_2026-06-25 (Argentina) ===
scored Rojan Crypto: 52.8
scored Crypto Lab: 73.1
scored Soluciones Para Todos: 67.6
scored Crypto Sheinix: 75.8
scored Patricio Piaggio - Inversiones E Impuestos TV: 52.8
scored Leandro Riviello: 42.6
scored Tanito | Play2Earn & NFT Gaming: 67
scored Nahuel Sebastian: 72.8
scored Mati GULAM: 74.1
scored Ezequiel Leal: 39.2
scored Potaguio Historia Romaní: 33.5
scored Club Atlético Lanús: 37.6
scored MikuConcerts: 47.7
<anonymous_script>:1
<!DOCTYPE html>
^

SyntaxError: Unexpected token '<', "<!DOCTYPE "... is not valid JSON
    at JSON.parse (<anonymous>)
    at parseJSONFromBytes (node:internal/deps/undici/undici:4387:19)
    at successSteps (node:internal/deps/undici/undici:7041:27)
    at readAllBytes (node:internal/deps/undici/undici:5958:13)
    at process.processTicksAndRejections (node:internal/process/task_queues:104:5)

Node.js v24.17.0
batch failed: score_batch_AR_2026-06-25, waiting for partial scored file...
waiting for score_batch_AR_2026-06-25_scored.csv...
waiting for score_batch_AR_2026-06-25_scored.csv...
waiting for score_batch_AR_2026-06-25_scored.csv...
waiting for score_batch_AR_2026-06-25_scored.csv...
waiting for score_batch_AR_2026-06-25_scored.csv...
waiting for score_batch_AR_2026-06-25_scored.csv...
waiting for score_batch_AR_2026-06-25_scored.csv...
waiting for score_batch_AR_2026-06-25_scored.csv...
waiting for score_batch_AR_2026-06-25_scored.csv...
waiting for score_batch_AR_2026-06-25_scored.csv...
waiting for score_batch_AR_2026-06-25_scored.csv...
waiting for score_batch_AR_2026-06-25_scored.csv...
waiting for score_batch_AR_2026-06-25_scored.csv...
waiting for score_batch_AR_2026-06-25_scored.csv...
waiting for score_batch_AR_2026-06-25_scored.csv...
waiting for score_batch_AR_2026-06-25_scored.csv...
waiting for score_batch_AR_2026-06-25_scored.csv...
waiting for score_batch_AR_2026-06-25_scored.csv...
waiting for score_batch_AR_2026-06-25_scored.csv...
waiting for score_batch_AR_2026-06-25_scored.csv...
waiting for score_batch_AR_2026-06-25_scored.csv...
waiting for score_batch_AR_2026-06-25_scored.csv...
waiting for score_batch_AR_2026-06-25_scored.csv...
waiting for score_batch_AR_2026-06-25_scored.csv...
waiting for score_batch_AR_2026-06-25_scored.csv...
waiting for score_batch_AR_2026-06-25_scored.csv...
waiting for score_batch_AR_2026-06-25_scored.csv...
waiting for score_batch_AR_2026-06-25_scored.csv...
waiting for score_batch_AR_2026-06-25_scored.csv...
waiting for score_batch_AR_2026-06-25_scored.csv...
waiting for score_batch_AR_2026-06-25_scored.csv...
waiting for score_batch_AR_2026-06-25_scored.csv...
waiting for score_batch_AR_2026-06-25_scored.csv...
waiting for score_batch_AR_2026-06-25_scored.csv...
waiting for score_batch_AR_2026-06-25_scored.csv...
waiting for score_batch_AR_2026-06-25_scored.csv...
waiting for score_batch_AR_2026-06-25_scored.csv...
waiting for score_batch_AR_2026-06-25_scored.csv...
waiting for score_batch_AR_2026-06-25_scored.csv...
waiting for score_batch_AR_2026-06-25_scored.csv...
waiting for score_batch_AR_2026-06-25_scored.csv...
waiting for score_batch_AR_2026-06-25_scored.csv...
waiting for score_batch_AR_2026-06-25_scored.csv...
waiting for score_batch_AR_2026-06-25_scored.csv...
waiting for score_batch_AR_2026-06-25_scored.csv...
waiting for score_batch_AR_2026-06-25_scored.csv...
waiting for score_batch_AR_2026-06-25_scored.csv...
waiting for score_batch_AR_2026-06-25_scored.csv...
waiting for score_batch_AR_2026-06-25_scored.csv...
waiting for score_batch_AR_2026-06-25_scored.csv...
waiting for score_batch_AR_2026-06-25_scored.csv...
waiting for score_batch_AR_2026-06-25_scored.csv...
waiting for score_batch_AR_2026-06-25_scored.csv...
waiting for score_batch_AR_2026-06-25_scored.csv...
waiting for score_batch_AR_2026-06-25_scored.csv...
waiting for score_batch_AR_2026-06-25_scored.csv...
waiting for score_batch_AR_2026-06-25_scored.csv...
waiting for score_batch_AR_2026-06-25_scored.csv...
waiting for score_batch_AR_2026-06-25_scored.csv...
waiting for score_batch_AR_2026-06-25_scored.csv...
waiting for score_batch_AR_2026-06-25_scored.csv...
waiting for score_batch_AR_2026-06-25_scored.csv...
waiting for score_batch_AR_2026-06-25_scored.csv...
waiting for score_batch_AR_2026-06-25_scored.csv...
waiting for score_batch_AR_2026-06-25_scored.csv...
waiting for score_batch_AR_2026-06-25_scored.csv...
waiting for score_batch_AR_2026-06-25_scored.csv...
waiting for score_batch_AR_2026-06-25_scored.csv...
waiting for score_batch_AR_2026-06-25_scored.csv...
waiting for score_batch_AR_2026-06-25_scored.csv...
waiting for score_batch_AR_2026-06-25_scored.csv...
waiting for score_batch_AR_2026-06-25_scored.csv...
waiting for score_batch_AR_2026-06-25_scored.csv...
waiting for score_batch_AR_2026-06-25_scored.csv...
waiting for score_batch_AR_2026-06-25_scored.csv...
waiting for score_batch_AR_2026-06-25_scored.csv...
waiting for score_batch_AR_2026-06-25_scored.csv...
waiting for score_batch_AR_2026-06-25_scored.csv...
waiting for score_batch_AR_2026-06-25_scored.csv...
waiting for score_batch_AR_2026-06-25_scored.csv...
waiting for score_batch_AR_2026-06-25_scored.csv...
waiting for score_batch_AR_2026-06-25_scored.csv...
waiting for score_batch_AR_2026-06-25_scored.csv...
waiting for score_batch_AR_2026-06-25_scored.csv...
waiting for score_batch_AR_2026-06-25_scored.csv...
waiting for score_batch_AR_2026-06-25_scored.csv...
waiting for score_batch_AR_2026-06-25_scored.csv...
waiting for score_batch_AR_2026-06-25_scored.csv...
waiting for score_batch_AR_2026-06-25_scored.csv...
waiting for score_batch_AR_2026-06-25_scored.csv...
waiting for score_batch_AR_2026-06-25_scored.csv...
waiting for score_batch_AR_2026-06-25_scored.csv...
waiting for score_batch_AR_2026-06-25_scored.csv...
waiting for score_batch_AR_2026-06-25_scored.csv...
waiting for score_batch_AR_2026-06-25_scored.csv...
waiting for score_batch_AR_2026-06-25_scored.csv...
waiting for score_batch_AR_2026-06-25_scored.csv...
waiting for score_batch_AR_2026-06-25_scored.csv...
waiting for score_batch_AR_2026-06-25_scored.csv...
waiting for score_batch_AR_2026-06-25_scored.csv...
waiting for score_batch_AR_2026-06-25_scored.csv...
waiting for score_batch_AR_2026-06-25_scored.csv...
waiting for score_batch_AR_2026-06-25_scored.csv...
waiting for score_batch_AR_2026-06-25_scored.csv...
waiting for score_batch_AR_2026-06-25_scored.csv...
waiting for score_batch_AR_2026-06-25_scored.csv...
waiting for score_batch_AR_2026-06-25_scored.csv...
waiting for score_batch_AR_2026-06-25_scored.csv...
waiting for score_batch_AR_2026-06-25_scored.csv...
waiting for score_batch_AR_2026-06-25_scored.csv...
waiting for score_batch_AR_2026-06-25_scored.csv...
waiting for score_batch_AR_2026-06-25_scored.csv...
waiting for score_batch_AR_2026-06-25_scored.csv...
waiting for score_batch_AR_2026-06-25_scored.csv...
waiting for score_batch_AR_2026-06-25_scored.csv...
waiting for score_batch_AR_2026-06-25_scored.csv...
waiting for score_batch_AR_2026-06-25_scored.csv...
waiting for score_batch_AR_2026-06-25_scored.csv...
waiting for score_batch_AR_2026-06-25_scored.csv...
waiting for score_batch_AR_2026-06-25_scored.csv...
waiting for score_batch_AR_2026-06-25_scored.csv...
waiting for score_batch_AR_2026-06-25_scored.csv...
waiting for score_batch_AR_2026-06-25_scored.csv...
waiting for score_batch_AR_2026-06-25_scored.csv...
waiting for score_batch_AR_2026-06-25_scored.csv...
waiting for score_batch_AR_2026-06-25_scored.csv...
waiting for score_batch_AR_2026-06-25_scored.csv...
waiting for score_batch_AR_2026-06-25_scored.csv...
waiting for score_batch_AR_2026-06-25_scored.csv...
waiting for score_batch_AR_2026-06-25_scored.csv...
waiting for score_batch_AR_2026-06-25_scored.csv...
waiting for score_batch_AR_2026-06-25_scored.csv...
waiting for score_batch_AR_2026-06-25_scored.csv...
waiting for score_batch_AR_2026-06-25_scored.csv...
waiting for score_batch_AR_2026-06-25_scored.csv...
waiting for score_batch_AR_2026-06-25_scored.csv...
waiting for score_batch_AR_2026-06-25_scored.csv...
waiting for score_batch_AR_2026-06-25_scored.csv...
waiting for score_batch_AR_2026-06-25_scored.csv...
waiting for score_batch_AR_2026-06-25_scored.csv...
waiting for score_batch_AR_2026-06-25_scored.csv...
waiting for score_batch_AR_2026-06-25_scored.csv...
waiting for score_batch_AR_2026-06-25_scored.csv...
waiting for score_batch_AR_2026-06-25_scored.csv...
waiting for score_batch_AR_2026-06-25_scored.csv...
waiting for score_batch_AR_2026-06-25_scored.csv...
waiting for score_batch_AR_2026-06-25_scored.csv...
waiting for score_batch_AR_2026-06-25_scored.csv...
waiting for score_batch_AR_2026-06-25_scored.csv...
waiting for score_batch_AR_2026-06-25_scored.csv...
waiting for score_batch_AR_2026-06-25_scored.csv...
waiting for score_batch_AR_2026-06-25_scored.csv...
waiting for score_batch_AR_2026-06-25_scored.csv...
waiting for score_batch_AR_2026-06-25_scored.csv...
waiting for score_batch_AR_2026-06-25_scored.csv...
waiting for score_batch_AR_2026-06-25_scored.csv...
waiting for score_batch_AR_2026-06-25_scored.csv...
waiting for score_batch_AR_2026-06-25_scored.csv...
waiting for score_batch_AR_2026-06-25_scored.csv...
waiting for score_batch_AR_2026-06-25_scored.csv...
waiting for score_batch_AR_2026-06-25_scored.csv...
waiting for score_batch_AR_2026-06-25_scored.csv...
waiting for score_batch_AR_2026-06-25_scored.csv...
waiting for score_batch_AR_2026-06-25_scored.csv...
waiting for score_batch_AR_2026-06-25_scored.csv...
waiting for score_batch_AR_2026-06-25_scored.csv...
waiting for score_batch_AR_2026-06-25_scored.csv...
waiting for score_batch_AR_2026-06-25_scored.csv...
waiting for score_batch_AR_2026-06-25_scored.csv...
waiting for score_batch_AR_2026-06-25_scored.csv...
waiting for score_batch_AR_2026-06-25_scored.csv...
waiting for score_batch_AR_2026-06-25_scored.csv...
waiting for score_batch_AR_2026-06-25_scored.csv...
waiting for score_batch_AR_2026-06-25_scored.csv...
waiting for score_batch_AR_2026-06-25_scored.csv...
waiting for score_batch_AR_2026-06-25_scored.csv...
waiting for score_batch_AR_2026-06-25_scored.csv...
waiting for score_batch_AR_2026-06-25_scored.csv...
waiting for score_batch_AR_2026-06-25_scored.csv...
waiting for score_batch_AR_2026-06-25_scored.csv...
waiting for score_batch_AR_2026-06-25_scored.csv...
waiting for score_batch_AR_2026-06-25_scored.csv...
waiting for score_batch_AR_2026-06-25_scored.csv...
waiting for score_batch_AR_2026-06-25_scored.csv...
file:///Users/kennyyifeichen/Downloads/RedotPay-KOL-BD/creator-data/scripts/run-all-score-batches.mjs:170
    throw new Error(`Batch incomplete: ${slug}`);
          ^

Error: Batch incomplete: score_batch_AR_2026-06-25
    at file:///Users/kennyyifeichen/Downloads/RedotPay-KOL-BD/creator-data/scripts/run-all-score-batches.mjs:170:11
    at ModuleJob.run (node:internal/modules/esm/module_job:439:25)
    at async node:internal/modules/esm/loader:633:26
    at async asyncRunEntryPointWithESMLoader (node:internal/modules/run_main:101:5)

Node.js v24.17.0
skip (done): score_batch_IN_2026-06-25
skip (done): score_batch_OTHERS_2026-06-25
skip (done): score_batch_CO_2026-06-25

=== scoring score_batch_AR_2026-06-25 (Argentina) ===
scored Rojan Crypto: 52.8
scored Crypto Lab: 73.1
scored Soluciones Para Todos: 67.6
scored Crypto Sheinix: 75.8
scored Patricio Piaggio - Inversiones E Impuestos TV: 52.8
scored Leandro Riviello: 42.6
scored Tanito | Play2Earn & NFT Gaming: 67
scored Nahuel Sebastian: 72.8
scored Mati GULAM: 74.1
scored Ezequiel Leal: 39.2
scored Potaguio Historia Romaní: 33.5
scored Club Atlético Lanús: 37.6
scored MikuConcerts: 47.7
scored Circulo Cripto: 53.9
scored Vmoneys: 70.6
scored San Lorenzo Redes: 35.6
scored EnvyMatt: 37.3
scored Desarrollanding Finanzas: 54
scored Invertir hoy: 60.4
scored analyzing platforms: 63.3
scored ACCOUNTANT INVESTS: 66.7
scored Trading en Serio: 64.4
scored Powstreet: 64.2
scored Maxi Finanzas: 51
scored Argentino Emprende: 60.3
scored Ong Bitcoin Argentina: 47.8
scored MarceeNunezFX: 55
scored Invertirencripto: 39.6
scored Alberto Blockchain: 52.4
{
  "input": "/Users/kennyyifeichen/Downloads/RedotPay-KOL-BD/creator-data/queues/batches/score_batch_AR_2026-06-25.csv",
  "scored_full": "/Users/kennyyifeichen/Downloads/RedotPay-KOL-BD/creator-data/queues/batches/score_batch_AR_2026-06-25_scored.csv",
  "ready_ge60": "/Users/kennyyifeichen/Downloads/RedotPay-KOL-BD/creator-data/queues/batches/score_batch_AR_2026-06-25_ready.csv",
  "total": 29,
  "scored": 29,
  "ready_for_contact": 13,
  "added_to_ras_blacklist": 16,
  "already_in_db": 18,
  "report_refresh_triggered": 11,
  "failed": 0,
  "top": [
    {
      "name": "Crypto Sheinix",
      "ras": "75.8",
      "verdict": "Strong Fit",
      "email": "contact@sheinix.com"
    },
    {
      "name": "Mati GULAM",
      "ras": "74.1",
      "verdict": "Good Fit",
      "email": "info@maveracapital.com"
    },
    {
      "name": "Crypto Lab",
      "ras": "73.1",
      "verdict": "Good Fit",
      "email": "collab@ytranker.net"
    },
    {
      "name": "Nahuel Sebastian",
      "ras": "72.8",
      "verdict": "Good Fit",
      "email": "contacto.nahuelsebastian@gmail.com"
    },
    {
      "name": "Vmoneys",
      "ras": "70.6",
      "verdict": "Good Fit",
      "email": "vmoneyssoficial@gmail.com"
    },
    {
      "name": "Soluciones Para Todos",
      "ras": "67.6",
      "verdict": "Good Fit",
      "email": "solucionesparatodos2020@gmail.com"
    },
    {
      "name": "Tanito | Play2Earn & NFT Gaming",
      "ras": "67",
      "verdict": "Good Fit",
      "email": "tanitocontacto@gmail.com"
    },
    {
      "name": "ACCOUNTANT INVESTS",
      "ras": "66.7",
      "verdict": "Good Fit",
      "email": "contadorpergolesi@gmail.com"
    }
  ],
  "blacklisted": [
    {
      "name": "MarceeNunezFX",
      "ras": "55",
      "verdict": "Watchlist"
    },
    {
      "name": "Desarrollanding Finanzas",
      "ras": "54",
      "verdict": "Watchlist"
    },
    {
      "name": "Circulo Cripto",
      "ras": "53.9",
      "verdict": "Watchlist"
    },
    {
      "name": "Rojan Crypto",
      "ras": "52.8",
      "verdict": "Watchlist"
    },
    {
      "name": "Patricio Piaggio - Inversiones E Impuestos TV",
      "ras": "52.8",
      "verdict": "Watchlist"
    },
    {
      "name": "Alberto Blockchain",
      "ras": "52.4",
      "verdict": "Watchlist"
    },
    {
      "name": "Maxi Finanzas",
      "ras": "51",
      "verdict": "Watchlist"
    },
    {
      "name": "Ong Bitcoin Argentina",
      "ras": "47.8",
      "verdict": "Watchlist"
    },
    {
      "name": "MikuConcerts",
      "ras": "47.7",
      "verdict": "Watchlist"
    },
    {
      "name": "Leandro Riviello",
      "ras": "42.6",
      "verdict": "Exclude"
    },
    {
      "name": "Invertirencripto",
      "ras": "39.6",
      "verdict": "Exclude"
    },
    {
      "name": "Ezequiel Leal",
      "ras": "39.2",
      "verdict": "Exclude"
    },
    {
      "name": "Club Atlético Lanús",
      "ras": "37.6",
      "verdict": "Exclude"
    },
    {
      "name": "EnvyMatt",
      "ras": "37.3",
      "verdict": "Exclude"
    },
    {
      "name": "San Lorenzo Redes",
      "ras": "35.6",
      "verdict": "Exclude"
    },
    {
      "name": "Potaguio Historia Romaní",
      "ras": "33.5",
      "verdict": "Exclude"
    }
  ]
}
saved score_batch_AR_2026-06-25: 13/29 ready | cumulative 61/145

=== scoring score_batch_CL_2026-06-25 (Chile) ===
scored SoyPoto: 55
scored Individuo Digital: 47.6
scored Bullmastercapital: 40.5
scored BerserKing: 31.5
scored Davincij15-Alt: 37.5
scored Buda.com: 41
scored Chris Olave: 32.8
scored CriptoInformador: 57.7
{
  "input": "/Users/kennyyifeichen/Downloads/RedotPay-KOL-BD/creator-data/queues/batches/score_batch_CL_2026-06-25.csv",
  "scored_full": "/Users/kennyyifeichen/Downloads/RedotPay-KOL-BD/creator-data/queues/batches/score_batch_CL_2026-06-25_scored.csv",
  "ready_ge60": "/Users/kennyyifeichen/Downloads/RedotPay-KOL-BD/creator-data/queues/batches/score_batch_CL_2026-06-25_ready.csv",
  "total": 8,
  "scored": 8,
  "ready_for_contact": 0,
  "added_to_ras_blacklist": 8,
  "already_in_db": 0,
  "report_refresh_triggered": 8,
  "failed": 0,
  "top": [],
  "blacklisted": [
    {
      "name": "CriptoInformador",
      "ras": "57.7",
      "verdict": "Watchlist"
    },
    {
      "name": "SoyPoto",
      "ras": "55",
      "verdict": "Watchlist"
    },
    {
      "name": "Individuo Digital",
      "ras": "47.6",
      "verdict": "Watchlist"
    },
    {
      "name": "Buda.com",
      "ras": "41",
      "verdict": "Exclude"
    },
    {
      "name": "Bullmastercapital",
      "ras": "40.5",
      "verdict": "Exclude"
    },
    {
      "name": "Davincij15-Alt",
      "ras": "37.5",
      "verdict": "Exclude"
    },
    {
      "name": "Chris Olave",
      "ras": "32.8",
      "verdict": "Exclude"
    },
    {
      "name": "BerserKing",
      "ras": "31.5",
      "verdict": "Exclude"
    }
  ]
}
saved score_batch_CL_2026-06-25: 0/8 ready | cumulative 61/153

=== scoring score_batch_PE_2026-06-25 (Peru) ===
scored EmprendedoresXXI: 59.7
scored Santiago Elzher: 38.7
scored Emprende con Pablo: 49
scored Criptoeconomista: 56.7
scored King Cash: 58.5
scored CriptoTalker: 48
{
  "input": "/Users/kennyyifeichen/Downloads/RedotPay-KOL-BD/creator-data/queues/batches/score_batch_PE_2026-06-25.csv",
  "scored_full": "/Users/kennyyifeichen/Downloads/RedotPay-KOL-BD/creator-data/queues/batches/score_batch_PE_2026-06-25_scored.csv",
  "ready_ge60": "/Users/kennyyifeichen/Downloads/RedotPay-KOL-BD/creator-data/queues/batches/score_batch_PE_2026-06-25_ready.csv",
  "total": 6,
  "scored": 6,
  "ready_for_contact": 0,
  "added_to_ras_blacklist": 6,
  "already_in_db": 1,
  "report_refresh_triggered": 5,
  "failed": 0,
  "top": [],
  "blacklisted": [
    {
      "name": "EmprendedoresXXI",
      "ras": "59.7",
      "verdict": "Watchlist"
    },
    {
      "name": "King Cash",
      "ras": "58.5",
      "verdict": "Watchlist"
    },
    {
      "name": "Criptoeconomista",
      "ras": "56.7",
      "verdict": "Watchlist"
    },
    {
      "name": "Emprende con Pablo",
      "ras": "49",
      "verdict": "Watchlist"
    },
    {
      "name": "CriptoTalker",
      "ras": "48",
      "verdict": "Watchlist"
    },
    {
      "name": "Santiago Elzher",
      "ras": "38.7",
      "verdict": "Exclude"
    }
  ]
}
saved score_batch_PE_2026-06-25: 0/6 ready | cumulative 61/159

=== scoring score_batch_VE_2026-06-25 (Venezuela) ===
scored PetroNoticiasVe & CryptoStudio: 15.4
scored Crypto Emprendo: 10.8
scored Mundo Inversiones: 11.6
scored Mildred en la Web: 14.1
{
  "input": "/Users/kennyyifeichen/Downloads/RedotPay-KOL-BD/creator-data/queues/batches/score_batch_VE_2026-06-25.csv",
  "scored_full": "/Users/kennyyifeichen/Downloads/RedotPay-KOL-BD/creator-data/queues/batches/score_batch_VE_2026-06-25_scored.csv",
  "ready_ge60": "/Users/kennyyifeichen/Downloads/RedotPay-KOL-BD/creator-data/queues/batches/score_batch_VE_2026-06-25_ready.csv",
  "total": 4,
  "scored": 4,
  "ready_for_contact": 0,
  "added_to_ras_blacklist": 4,
  "already_in_db": 1,
  "report_refresh_triggered": 3,
  "failed": 0,
  "top": [],
  "blacklisted": [
    {
      "name": "PetroNoticiasVe & CryptoStudio",
      "ras": "15.4",
      "verdict": "Exclude"
    },
    {
      "name": "Mildred en la Web",
      "ras": "14.1",
      "verdict": "Exclude"
    },
    {
      "name": "Mundo Inversiones",
      "ras": "11.6",
      "verdict": "Exclude"
    },
    {
      "name": "Crypto Emprendo",
      "ras": "10.8",
      "verdict": "Exclude"
    }
  ]
}
saved score_batch_VE_2026-06-25: 0/4 ready | cumulative 61/163

=== scoring score_batch_BR_part1_2026-06-25 (Brazil) ===
scored INVESTING HOLDER: 69.2
scored Diovane Lopes: 60.8
scored Mychel Mendes: 71.8
scored Bo Williams - PhiCube (PhiCube): 54.7
scored _yurilucena: 56.6
scored Sandro Cabrales: 59.7
scored Roberto Pantoja: 44.3
scored Bruno Marques - Trading Insights: 61.1
scored Cripto Brasil: 75.8
scored Crypto Today: 64.1
scored Crypto Series: 74.8
scored DICAS DO RENAN: 62.2
scored NFT LABs: 54.1
scored Marcello Paz: 67.8
scored CRYPTO LATAM: 42.9
scored Amanda Cripto: 56.3
scored Bitnoob: 67.6
scored Luiz Santana: 58.6
scored Wykka Nft: 70.8
scored Jefferson Viver de Cripto 💲: 68
scored João Oliveira: 60.3
scored Eu Te ajudo: 51.6
scored Gabriel Pelissaro l Investidor Antifrágil: 67.7
scored Ghost | Bitcoin e Cripto: 64.2
scored Pensou Lucrou: 67.8
scored Aprendendo Operar: 59.9
scored Rodrigo Moura Crypto: 66
scored Ramon Cunha: 73
scored Independencia Financeira: 55
scored Marcos Comenta: 49.2
scored Vamos Falar Sobre Grana: 61.5
scored Digital Invest: 57.1
scored Papo De Baleia - by VELLORA: 65.7
scored Alexandre Viveiros - Crypto News: 63.1
scored Investidor Smart: 55.5
scored Marcos Provicoin: 63.7
scored RENATO BITCOIN: 63.4
scored Insalubres: 65.4
scored Célio Investe: 55
scored 0xPlayer: 53.3
scored Future of Money: 62
scored Oliver Velez Brasil: 65.5
scored Samário de Oliveira: 62.3
scored bitcoin news criptomoedas: 64.7
scored ALEFEYT: 37.4
scored Michela Galvão: 36
scored Tico Gafanhotinho Cantor: 45.9
scored Paulo Fenix do Mercado: 60
scored HENRY: 32.3
scored Pobre Sincero: 52.3
scored Marco Andrade | Desvendando a Tecnologia: 41.9
scored Vinicius Penido: 62.3
scored Matrix PodCast: 35.6
scored Monge Moderno: 52.1
scored Rafael Schroeder: 60.1
scored Berna Cripto: 51.1
scored Bitcoin Block | Notícias & Blockchain: 58.2
scored CRYPTO PRIME: 66.9
scored CRYPTOBLACK: 69.9
scored Tech Negócios: 78.2
scored A HORA DO TARO: not_in_kol_db
scored Be Gaia - Flavia Caruso: 35.8
scored Dr Pimenta - The Cosmetics Dr: 38.5
scored Pedro Nota: 62.9
scored Ripio Brasil: 42
scored FOXBIT: 49.6
scored Prof. Fabio Shius: 63.2
scored Cripto em Alta: 57.4
scored controltech: 37.3
scored RafapBraga (Rafa): 37.4
scored ESTUS: 38.2
scored SaldoInvest: 67.2
{
  "input": "/Users/kennyyifeichen/Downloads/RedotPay-KOL-BD/creator-data/queues/batches/score_batch_BR_part1_2026-06-25.csv",
  "scored_full": "/Users/kennyyifeichen/Downloads/RedotPay-KOL-BD/creator-data/queues/batches/score_batch_BR_part1_2026-06-25_scored.csv",
  "ready_ge60": "/Users/kennyyifeichen/Downloads/RedotPay-KOL-BD/creator-data/queues/batches/score_batch_BR_part1_2026-06-25_ready.csv",
  "total": 72,
  "scored": 71,
  "ready_for_contact": 37,
  "added_to_ras_blacklist": 34,
  "already_in_db": 15,
  "report_refresh_triggered": 56,
  "failed": 1,
  "top": [
    {
      "name": "Tech Negócios",
      "ras": "78.2",
      "verdict": "Strong Fit",
      "email": "mathiasalcantara1000@gmail.com"
    },
    {
      "name": "Cripto Brasil",
      "ras": "75.8",
      "verdict": "Strong Fit",
      "email": "collab.talent.tube@gmail.com"
    },
    {
      "name": "Crypto Series",
      "ras": "74.8",
      "verdict": "Good Fit",
      "email": "kashiji993@gmail.com"
    },
    {
      "name": "Ramon Cunha",
      "ras": "73",
      "verdict": "Good Fit",
      "email": "ramoncunha@zer0.gg"
    },
    {
      "name": "Mychel Mendes",
      "ras": "71.8",
      "verdict": "Good Fit",
      "email": "mychel@blueconsult.com.br"
    },
    {
      "name": "Wykka Nft",
      "ras": "70.8",
      "verdict": "Good Fit",
      "email": "wykkanaweb3@gmail.com"
    },
    {
      "name": "CRYPTOBLACK",
      "ras": "69.9",
      "verdict": "Good Fit",
      "email": "andersonbarretomkt@gmail.com"
    },
    {
      "name": "INVESTING HOLDER",
      "ras": "69.2",
      "verdict": "Good Fit",
      "email": "alexandremoraesgarcia@hotmail.com"
    }
  ],
  "blacklisted": [
    {
      "name": "Aprendendo Operar",
      "ras": "59.9",
      "verdict": "Watchlist"
    },
    {
      "name": "Sandro Cabrales",
      "ras": "59.7",
      "verdict": "Watchlist"
    },
    {
      "name": "Luiz Santana",
      "ras": "58.6",
      "verdict": "Watchlist"
    },
    {
      "name": "Bitcoin Block | Notícias & Blockchain",
      "ras": "58.2",
      "verdict": "Watchlist"
    },
    {
      "name": "Cripto em Alta",
      "ras": "57.4",
      "verdict": "Watchlist"
    },
    {
      "name": "Digital Invest",
      "ras": "57.1",
      "verdict": "Watchlist"
    },
    {
      "name": "_yurilucena",
      "ras": "56.6",
      "verdict": "Watchlist"
    },
    {
      "name": "Amanda Cripto",
      "ras": "56.3",
      "verdict": "Watchlist"
    },
    {
      "name": "Investidor Smart",
      "ras": "55.5",
      "verdict": "Watchlist"
    },
    {
      "name": "Independencia Financeira",
      "ras": "55",
      "verdict": "Watchlist"
    },
    {
      "name": "Célio Investe",
      "ras": "55",
      "verdict": "Watchlist"
    },
    {
      "name": "Bo Williams - PhiCube (PhiCube)",
      "ras": "54.7",
      "verdict": "Watchlist"
    },
    {
      "name": "NFT LABs",
      "ras": "54.1",
      "verdict": "Watchlist"
    },
    {
      "name": "0xPlayer",
      "ras": "53.3",
      "verdict": "Watchlist"
    },
    {
      "name": "Pobre Sincero",
      "ras": "52.3",
      "verdict": "Watchlist"
    },
    {
      "name": "Monge Moderno",
      "ras": "52.1",
      "verdict": "Watchlist"
    },
    {
      "name": "Eu Te ajudo",
      "ras": "51.6",
      "verdict": "Watchlist"
    },
    {
      "name": "Berna Cripto",
      "ras": "51.1",
      "verdict": "Watchlist"
    },
    {
      "name": "FOXBIT",
      "ras": "49.6",
      "verdict": "Watchlist"
    },
    {
      "name": "Marcos Comenta",
      "ras": "49.2",
      "verdict": "Watchlist"
    },
    {
      "name": "Tico Gafanhotinho Cantor",
      "ras": "45.9",
      "verdict": "Watchlist"
    },
    {
      "name": "Roberto Pantoja",
      "ras": "44.3",
      "verdict": "Exclude"
    },
    {
      "name": "CRYPTO LATAM",
      "ras": "42.9",
      "verdict": "Exclude"
    },
    {
      "name": "Ripio Brasil",
      "ras": "42",
      "verdict": "Exclude"
    },
    {
      "name": "Marco Andrade | Desvendando a Tecnologia",
      "ras": "41.9",
      "verdict": "Exclude"
    },
    {
      "name": "Dr Pimenta - The Cosmetics Dr",
      "ras": "38.5",
      "verdict": "Exclude"
    },
    {
      "name": "ESTUS",
      "ras": "38.2",
      "verdict": "Exclude"
    },
    {
      "name": "ALEFEYT",
      "ras": "37.4",
      "verdict": "Exclude"
    },
    {
      "name": "RafapBraga (Rafa)",
      "ras": "37.4",
      "verdict": "Exclude"
    },
    {
      "name": "controltech",
      "ras": "37.3",
      "verdict": "Exclude"
    },
    {
      "name": "Michela Galvão",
      "ras": "36",
      "verdict": "Exclude"
    },
    {
      "name": "Be Gaia - Flavia Caruso",
      "ras": "35.8",
      "verdict": "Exclude"
    },
    {
      "name": "Matrix PodCast",
      "ras": "35.6",
      "verdict": "Exclude"
    },
    {
      "name": "HENRY",
      "ras": "32.3",
      "verdict": "Exclude"
    }
  ]
}
batch attempt 1 failed: score_batch_BR_part1_2026-06-25
retry score_batch_BR_part1_2026-06-25 (attempt 2)...
scored INVESTING HOLDER: 69.2
scored Diovane Lopes: 60.8
scored Mychel Mendes: 71.8
scored Bo Williams - PhiCube (PhiCube): 54.7
scored _yurilucena: 56.6
scored Sandro Cabrales: 59.7
scored Roberto Pantoja: 44.3
scored Bruno Marques - Trading Insights: 61.1
scored Cripto Brasil: 75.8
scored Crypto Today: 64.1
scored Crypto Series: 74.8
scored DICAS DO RENAN: 62.2
scored NFT LABs: 54.1
scored Marcello Paz: 67.8
scored CRYPTO LATAM: 42.9
scored Amanda Cripto: 56.3
scored Bitnoob: 67.6
scored Luiz Santana: 58.6
scored Wykka Nft: 70.8
scored Jefferson Viver de Cripto 💲: 68
scored João Oliveira: 60.3
scored Eu Te ajudo: 51.6
scored Gabriel Pelissaro l Investidor Antifrágil: 67.7
scored Ghost | Bitcoin e Cripto: 64.2
scored Pensou Lucrou: 67.8
scored Aprendendo Operar: 59.9
scored Rodrigo Moura Crypto: 66
scored Ramon Cunha: 73
scored Independencia Financeira: 55
scored Marcos Comenta: 49.2
scored Vamos Falar Sobre Grana: 61.5
scored Digital Invest: 57.1
scored Papo De Baleia - by VELLORA: 65.7
scored Alexandre Viveiros - Crypto News: 63.1
scored Investidor Smart: 55.5
scored Marcos Provicoin: 63.7
scored RENATO BITCOIN: 63.4
scored Insalubres: 65.4
scored Célio Investe: 55
scored 0xPlayer: 53.3
scored Future of Money: 62
scored Oliver Velez Brasil: 65.5
scored Samário de Oliveira: 62.3
scored bitcoin news criptomoedas: 64.7
scored ALEFEYT: 37.4
scored Michela Galvão: 36
scored Tico Gafanhotinho Cantor: 45.9
scored Paulo Fenix do Mercado: 60
scored HENRY: 32.3
scored Pobre Sincero: 52.3
scored Marco Andrade | Desvendando a Tecnologia: 41.9
scored Vinicius Penido: 62.3
scored Matrix PodCast: 35.6
scored Monge Moderno: 52.1
scored Rafael Schroeder: 60.1
scored Berna Cripto: 51.1
scored Bitcoin Block | Notícias & Blockchain: 58.2
scored CRYPTO PRIME: 66.9
scored CRYPTOBLACK: 69.9
scored Tech Negócios: 78.2
scored A HORA DO TARO: not_in_kol_db
scored Be Gaia - Flavia Caruso: 35.8
scored Dr Pimenta - The Cosmetics Dr: 38.5
scored Pedro Nota: 62.9
scored Ripio Brasil: 42
scored FOXBIT: 49.6
scored Prof. Fabio Shius: 63.2
scored Cripto em Alta: 57.4
scored controltech: 37.3
scored RafapBraga (Rafa): 37.4
scored ESTUS: 38.2
scored SaldoInvest: 67.2
{
  "input": "/Users/kennyyifeichen/Downloads/RedotPay-KOL-BD/creator-data/queues/batches/score_batch_BR_part1_2026-06-25.csv",
  "scored_full": "/Users/kennyyifeichen/Downloads/RedotPay-KOL-BD/creator-data/queues/batches/score_batch_BR_part1_2026-06-25_scored.csv",
  "ready_ge60": "/Users/kennyyifeichen/Downloads/RedotPay-KOL-BD/creator-data/queues/batches/score_batch_BR_part1_2026-06-25_ready.csv",
  "total": 72,
  "scored": 71,
  "ready_for_contact": 37,
  "added_to_ras_blacklist": 0,
  "already_in_db": 71,
  "report_refresh_triggered": 0,
  "failed": 1,
  "top": [
    {
      "name": "Tech Negócios",
      "ras": "78.2",
      "verdict": "Strong Fit",
      "email": "mathiasalcantara1000@gmail.com"
    },
    {
      "name": "Cripto Brasil",
      "ras": "75.8",
      "verdict": "Strong Fit",
      "email": "collab.talent.tube@gmail.com"
    },
    {
      "name": "Crypto Series",
      "ras": "74.8",
      "verdict": "Good Fit",
      "email": "kashiji993@gmail.com"
    },
    {
      "name": "Ramon Cunha",
      "ras": "73",
      "verdict": "Good Fit",
      "email": "ramoncunha@zer0.gg"
    },
    {
      "name": "Mychel Mendes",
      "ras": "71.8",
      "verdict": "Good Fit",
      "email": "mychel@blueconsult.com.br"
    },
    {
      "name": "Wykka Nft",
      "ras": "70.8",
      "verdict": "Good Fit",
      "email": "wykkanaweb3@gmail.com"
    },
    {
      "name": "CRYPTOBLACK",
      "ras": "69.9",
      "verdict": "Good Fit",
      "email": "andersonbarretomkt@gmail.com"
    },
    {
      "name": "INVESTING HOLDER",
      "ras": "69.2",
      "verdict": "Good Fit",
      "email": "alexandremoraesgarcia@hotmail.com"
    }
  ],
  "blacklisted": [
    {
      "name": "Aprendendo Operar",
      "ras": "59.9",
      "verdict": "Watchlist"
    },
    {
      "name": "Sandro Cabrales",
      "ras": "59.7",
      "verdict": "Watchlist"
    },
    {
      "name": "Luiz Santana",
      "ras": "58.6",
      "verdict": "Watchlist"
    },
    {
      "name": "Bitcoin Block | Notícias & Blockchain",
      "ras": "58.2",
      "verdict": "Watchlist"
    },
    {
      "name": "Cripto em Alta",
      "ras": "57.4",
      "verdict": "Watchlist"
    },
    {
      "name": "Digital Invest",
      "ras": "57.1",
      "verdict": "Watchlist"
    },
    {
      "name": "_yurilucena",
      "ras": "56.6",
      "verdict": "Watchlist"
    },
    {
      "name": "Amanda Cripto",
      "ras": "56.3",
      "verdict": "Watchlist"
    },
    {
      "name": "Investidor Smart",
      "ras": "55.5",
      "verdict": "Watchlist"
    },
    {
      "name": "Independencia Financeira",
      "ras": "55",
      "verdict": "Watchlist"
    },
    {
      "name": "Célio Investe",
      "ras": "55",
      "verdict": "Watchlist"
    },
    {
      "name": "Bo Williams - PhiCube (PhiCube)",
      "ras": "54.7",
      "verdict": "Watchlist"
    },
    {
      "name": "NFT LABs",
      "ras": "54.1",
      "verdict": "Watchlist"
    },
    {
      "name": "0xPlayer",
      "ras": "53.3",
      "verdict": "Watchlist"
    },
    {
      "name": "Pobre Sincero",
      "ras": "52.3",
      "verdict": "Watchlist"
    },
    {
      "name": "Monge Moderno",
      "ras": "52.1",
      "verdict": "Watchlist"
    },
    {
      "name": "Eu Te ajudo",
      "ras": "51.6",
      "verdict": "Watchlist"
    },
    {
      "name": "Berna Cripto",
      "ras": "51.1",
      "verdict": "Watchlist"
    },
    {
      "name": "FOXBIT",
      "ras": "49.6",
      "verdict": "Watchlist"
    },
    {
      "name": "Marcos Comenta",
      "ras": "49.2",
      "verdict": "Watchlist"
    },
    {
      "name": "Tico Gafanhotinho Cantor",
      "ras": "45.9",
      "verdict": "Watchlist"
    },
    {
      "name": "Roberto Pantoja",
      "ras": "44.3",
      "verdict": "Exclude"
    },
    {
      "name": "CRYPTO LATAM",
      "ras": "42.9",
      "verdict": "Exclude"
    },
    {
      "name": "Ripio Brasil",
      "ras": "42",
      "verdict": "Exclude"
    },
    {
      "name": "Marco Andrade | Desvendando a Tecnologia",
      "ras": "41.9",
      "verdict": "Exclude"
    },
    {
      "name": "Dr Pimenta - The Cosmetics Dr",
      "ras": "38.5",
      "verdict": "Exclude"
    },
    {
      "name": "ESTUS",
      "ras": "38.2",
      "verdict": "Exclude"
    },
    {
      "name": "ALEFEYT",
      "ras": "37.4",
      "verdict": "Exclude"
    },
    {
      "name": "RafapBraga (Rafa)",
      "ras": "37.4",
      "verdict": "Exclude"
    },
    {
      "name": "controltech",
      "ras": "37.3",
      "verdict": "Exclude"
    },
    {
      "name": "Michela Galvão",
      "ras": "36",
      "verdict": "Exclude"
    },
    {
      "name": "Be Gaia - Flavia Caruso",
      "ras": "35.8",
      "verdict": "Exclude"
    },
    {
      "name": "Matrix PodCast",
      "ras": "35.6",
      "verdict": "Exclude"
    },
    {
      "name": "HENRY",
      "ras": "32.3",
      "verdict": "Exclude"
    }
  ]
}
batch attempt 2 failed: score_batch_BR_part1_2026-06-25
file:///Users/kennyyifeichen/Downloads/RedotPay-KOL-BD/creator-data/scripts/run-all-score-batches.mjs:175
    throw new Error(`Batch incomplete: ${slug}`);
          ^

Error: Batch incomplete: score_batch_BR_part1_2026-06-25
    at file:///Users/kennyyifeichen/Downloads/RedotPay-KOL-BD/creator-data/scripts/run-all-score-batches.mjs:175:11
    at ModuleJob.run (node:internal/modules/esm/module_job:439:25)
    at async node:internal/modules/esm/loader:633:26
    at async asyncRunEntryPointWithESMLoader (node:internal/modules/run_main:101:5)

Node.js v24.17.0
skip (done): score_batch_IN_2026-06-25
skip (done): score_batch_OTHERS_2026-06-25
skip (done): score_batch_CO_2026-06-25
skip (done): score_batch_AR_2026-06-25
skip (done): score_batch_CL_2026-06-25
skip (done): score_batch_PE_2026-06-25
skip (done): score_batch_VE_2026-06-25
saved score_batch_BR_part1_2026-06-25: 37/72 ready | cumulative 98/235

=== scoring score_batch_BR_part2_2026-06-25 (Brazil) ===
scored Diego Fornalha: 38.6
scored ForaDaPadrao: 81.1
scored Lucas Crypto: 57.6
scored Katabriga: 44.8
scored Fique Rico ou Morra Tentando: 47.6
scored Matheus Celtic: 56.1
scored Frankaii: 73.2
scored Sávio Investe: 64.9
scored Bear Trader: 50.6
scored Guilherme Eid Trader: 46.7
scored Renda com Energia | Eletromobilidade: 56.4
scored Sakata Jogos NFT: 63.2
scored Equilibrium Cripto: 75
scored Game Chain: 37.2
scored Persy: 45
scored Lucas Dal Molin: 46.4
scored Como investir com pouco?: 55.4
scored ANALISANDO OS FATOS: 42.7
scored mMETA POSSÍVEL: 50
scored MAX TI: 42.2
scored Quem Não Faz Toma: 39.5
scored Brasil Sertanejo: 42.2
scored GHO5T: 34.2
scored Glasty: 48.7
scored Bitcoin e Liberdade: 67
scored Profit to Profit: 48.8
scored Miner Rox🦊: 64.3
scored Orlando Tomás: 60.5
scored Jama Internet Business: not_in_kol_db
scored INSANOSfps: 39.3
scored katchuca: 63.6
scored Dani Saints: 56.9
scored Cripto Investimentos: 57.7
scored Bity: Bitypreço | Bitybank | Biscoint: 50.3
scored André Renato Cripto: 55.8
scored Coleta Cripto: 58.2
scored Fabricio RP: 54.8
scored Passa No RH: not_in_kol_db
scored PLAYER 7: 33.2
scored MXK GERAÇÃO CRIPTO 🅥: 43.5
scored Walisson Cash Extra: 50.5
scored Mistérios do Sol: 54.2
scored [NFT]Landes - Jogue para ganhar: 66.8
scored Alan Rodrigues | Trader Objetivo: 63.1
scored Mestres dos Alphas: 53.2
scored Danilo Dukler: 36
scored Adriano da Uber: 66.1
scored INVESTIR DO ZERO: 52.5
scored WEBMUNDO CRIPTO E RENDA EXTRA: 55
scored Make money: 46
scored Descomplicando Sinais De Cripto: 57
scored Hikima & Fasaha tv: 45
scored RB Criptomoedas e NFTs: 58.3
scored Geração de Ativos: 67.1
scored DIVULGADOR CRIPTO: 51.9
scored Trampo na Internet: 56.2
scored Rj Cripto: 57.1
scored Gustavo Toledo: 37.4
scored Aporge Education: 34.4
scored Bruno Costa: 49.5
scored FuoBR: 39
scored Carlos Crypto Night: 45.2
scored Formiga Inteligente Finanças: 57.4
scored Thiago Correa: 53.6
scored Yuri Gabriel: 45.4
scored Master Invest: 48.1
scored GNK cripto: 46.8
scored Brasil Bitcoin: 62.2
scored @investimentos em bitcoins: 56.5
scored Crypto Sincero: 65.6
scored Professor Binary: 40.8
scored fhonix-cloud: 41.2
{
  "input": "/Users/kennyyifeichen/Downloads/RedotPay-KOL-BD/creator-data/queues/batches/score_batch_BR_part2_2026-06-25.csv",
  "scored_full": "/Users/kennyyifeichen/Downloads/RedotPay-KOL-BD/creator-data/queues/batches/score_batch_BR_part2_2026-06-25_scored.csv",
  "ready_ge60": "/Users/kennyyifeichen/Downloads/RedotPay-KOL-BD/creator-data/queues/batches/score_batch_BR_part2_2026-06-25_ready.csv",
  "total": 72,
  "scored": 70,
  "ready_for_contact": 15,
  "added_to_ras_blacklist": 55,
  "already_in_db": 3,
  "report_refresh_triggered": 67,
  "failed": 2,
  "top": [
    {
      "name": "ForaDaPadrao",
      "ras": "81.1",
      "verdict": "Strong Fit",
      "email": "contato.foradopadrao.tv@gmail.com"
    },
    {
      "name": "Equilibrium Cripto",
      "ras": "75",
      "verdict": "Strong Fit",
      "email": "equilibriumcripto@gmail.com"
    },
    {
      "name": "Frankaii",
      "ras": "73.2",
      "verdict": "Good Fit",
      "email": "frankaiioficial@gmail.com"
    },
    {
      "name": "Geração de Ativos",
      "ras": "67.1",
      "verdict": "Good Fit",
      "email": "assetgeneration8@gmail.com"
    },
    {
      "name": "Bitcoin e Liberdade",
      "ras": "67",
      "verdict": "Good Fit",
      "email": "ojeda.felipe@ymail.com"
    },
    {
      "name": "[NFT]Landes - Jogue para ganhar",
      "ras": "66.8",
      "verdict": "Good Fit",
      "email": "nftlandes@gmail.com"
    },
    {
      "name": "Adriano da Uber",
      "ras": "66.1",
      "verdict": "Good Fit",
      "email": "redeempresariosdesucesso@gmail.com"
    },
    {
      "name": "Crypto Sincero",
      "ras": "65.6",
      "verdict": "Good Fit",
      "email": "canalcryptosincero@gmail.com"
    }
  ],
  "blacklisted": [
    {
      "name": "RB Criptomoedas e NFTs",
      "ras": "58.3",
      "verdict": "Watchlist"
    },
    {
      "name": "Coleta Cripto",
      "ras": "58.2",
      "verdict": "Watchlist"
    },
    {
      "name": "Cripto Investimentos",
      "ras": "57.7",
      "verdict": "Watchlist"
    },
    {
      "name": "Lucas Crypto",
      "ras": "57.6",
      "verdict": "Watchlist"
    },
    {
      "name": "Formiga Inteligente Finanças",
      "ras": "57.4",
      "verdict": "Watchlist"
    },
    {
      "name": "Rj Cripto",
      "ras": "57.1",
      "verdict": "Watchlist"
    },
    {
      "name": "Descomplicando Sinais De Cripto",
      "ras": "57",
      "verdict": "Watchlist"
    },
    {
      "name": "Dani Saints",
      "ras": "56.9",
      "verdict": "Watchlist"
    },
    {
      "name": "@investimentos em bitcoins",
      "ras": "56.5",
      "verdict": "Watchlist"
    },
    {
      "name": "Renda com Energia | Eletromobilidade",
      "ras": "56.4",
      "verdict": "Watchlist"
    },
    {
      "name": "Trampo na Internet",
      "ras": "56.2",
      "verdict": "Watchlist"
    },
    {
      "name": "Matheus Celtic",
      "ras": "56.1",
      "verdict": "Watchlist"
    },
    {
      "name": "André Renato Cripto",
      "ras": "55.8",
      "verdict": "Watchlist"
    },
    {
      "name": "Como investir com pouco?",
      "ras": "55.4",
      "verdict": "Watchlist"
    },
    {
      "name": "WEBMUNDO CRIPTO E RENDA EXTRA",
      "ras": "55",
      "verdict": "Watchlist"
    },
    {
      "name": "Fabricio RP",
      "ras": "54.8",
      "verdict": "Watchlist"
    },
    {
      "name": "Mistérios do Sol",
      "ras": "54.2",
      "verdict": "Watchlist"
    },
    {
      "name": "Thiago Correa",
      "ras": "53.6",
      "verdict": "Watchlist"
    },
    {
      "name": "Mestres dos Alphas",
      "ras": "53.2",
      "verdict": "Watchlist"
    },
    {
      "name": "INVESTIR DO ZERO",
      "ras": "52.5",
      "verdict": "Watchlist"
    },
    {
      "name": "DIVULGADOR CRIPTO",
      "ras": "51.9",
      "verdict": "Watchlist"
    },
    {
      "name": "Bear Trader",
      "ras": "50.6",
      "verdict": "Watchlist"
    },
    {
      "name": "Walisson Cash Extra",
      "ras": "50.5",
      "verdict": "Watchlist"
    },
    {
      "name": "Bity: Bitypreço | Bitybank | Biscoint",
      "ras": "50.3",
      "verdict": "Watchlist"
    },
    {
      "name": "mMETA POSSÍVEL",
      "ras": "50",
      "verdict": "Watchlist"
    },
    {
      "name": "Bruno Costa",
      "ras": "49.5",
      "verdict": "Watchlist"
    },
    {
      "name": "Profit to Profit",
      "ras": "48.8",
      "verdict": "Watchlist"
    },
    {
      "name": "Glasty",
      "ras": "48.7",
      "verdict": "Watchlist"
    },
    {
      "name": "Master Invest",
      "ras": "48.1",
      "verdict": "Watchlist"
    },
    {
      "name": "Fique Rico ou Morra Tentando",
      "ras": "47.6",
      "verdict": "Watchlist"
    },
    {
      "name": "GNK cripto",
      "ras": "46.8",
      "verdict": "Watchlist"
    },
    {
      "name": "Guilherme Eid Trader",
      "ras": "46.7",
      "verdict": "Watchlist"
    },
    {
      "name": "Lucas Dal Molin",
      "ras": "46.4",
      "verdict": "Watchlist"
    },
    {
      "name": "Make money",
      "ras": "46",
      "verdict": "Watchlist"
    },
    {
      "name": "Yuri Gabriel",
      "ras": "45.4",
      "verdict": "Watchlist"
    },
    {
      "name": "Carlos Crypto Night",
      "ras": "45.2",
      "verdict": "Watchlist"
    },
    {
      "name": "Persy",
      "ras": "45",
      "verdict": "Watchlist"
    },
    {
      "name": "Hikima & Fasaha tv",
      "ras": "45",
      "verdict": "Watchlist"
    },
    {
      "name": "Katabriga",
      "ras": "44.8",
      "verdict": "Exclude"
    },
    {
      "name": "MXK GERAÇÃO CRIPTO 🅥",
      "ras": "43.5",
      "verdict": "Exclude"
    },
    {
      "name": "ANALISANDO OS FATOS",
      "ras": "42.7",
      "verdict": "Exclude"
    },
    {
      "name": "MAX TI",
      "ras": "42.2",
      "verdict": "Exclude"
    },
    {
      "name": "Brasil Sertanejo",
      "ras": "42.2",
      "verdict": "Exclude"
    },
    {
      "name": "fhonix-cloud",
      "ras": "41.2",
      "verdict": "Exclude"
    },
    {
      "name": "Professor Binary",
      "ras": "40.8",
      "verdict": "Exclude"
    },
    {
      "name": "Quem Não Faz Toma",
      "ras": "39.5",
      "verdict": "Exclude"
    },
    {
      "name": "INSANOSfps",
      "ras": "39.3",
      "verdict": "Exclude"
    },
    {
      "name": "FuoBR",
      "ras": "39",
      "verdict": "Exclude"
    },
    {
      "name": "Diego Fornalha",
      "ras": "38.6",
      "verdict": "Exclude"
    },
    {
      "name": "Gustavo Toledo",
      "ras": "37.4",
      "verdict": "Exclude"
    },
    {
      "name": "Game Chain",
      "ras": "37.2",
      "verdict": "Exclude"
    },
    {
      "name": "Danilo Dukler",
      "ras": "36",
      "verdict": "Exclude"
    },
    {
      "name": "Aporge Education",
      "ras": "34.4",
      "verdict": "Exclude"
    },
    {
      "name": "GHO5T",
      "ras": "34.2",
      "verdict": "Exclude"
    },
    {
      "name": "PLAYER 7",
      "ras": "33.2",
      "verdict": "Exclude"
    }
  ]
}
batch attempt 1 failed: score_batch_BR_part2_2026-06-25
retry score_batch_BR_part2_2026-06-25 (attempt 2)...
scored Diego Fornalha: 38.6
scored ForaDaPadrao: 81.1
scored Lucas Crypto: 57.6
scored Katabriga: 44.8
scored Fique Rico ou Morra Tentando: 47.6
scored Matheus Celtic: 56.1
scored Frankaii: 73.2
scored Sávio Investe: 64.9
scored Bear Trader: 50.6
scored Guilherme Eid Trader: 46.7
scored Renda com Energia | Eletromobilidade: 56.4
scored Sakata Jogos NFT: 63.2
scored Equilibrium Cripto: 75
scored Game Chain: 37.2
scored Persy: 45
scored Lucas Dal Molin: 46.4
scored Como investir com pouco?: 55.4
scored ANALISANDO OS FATOS: 42.7
scored mMETA POSSÍVEL: 50
scored MAX TI: 42.2
scored Quem Não Faz Toma: 39.5
scored Brasil Sertanejo: 42.2
scored GHO5T: 34.2
scored Glasty: 48.7
scored Bitcoin e Liberdade: 67
scored Profit to Profit: 48.8
scored Miner Rox🦊: 64.3
scored Orlando Tomás: 60.5
scored Jama Internet Business: not_in_kol_db
scored INSANOSfps: 39.3
scored katchuca: 63.6
scored Dani Saints: 56.9
scored Cripto Investimentos: 57.7
scored Bity: Bitypreço | Bitybank | Biscoint: 50.3
scored André Renato Cripto: 55.8
scored Coleta Cripto: 58.2
scored Fabricio RP: 54.8
scored Passa No RH: not_in_kol_db
scored PLAYER 7: 33.2
scored MXK GERAÇÃO CRIPTO 🅥: 43.5
scored Walisson Cash Extra: 50.5
scored Mistérios do Sol: 54.2
scored [NFT]Landes - Jogue para ganhar: 66.8
scored Alan Rodrigues | Trader Objetivo: 63.1
scored Mestres dos Alphas: 53.2
scored Danilo Dukler: 36
scored Adriano da Uber: 66.1
scored INVESTIR DO ZERO: 52.5
scored WEBMUNDO CRIPTO E RENDA EXTRA: 55
scored Make money: 46
scored Descomplicando Sinais De Cripto: 57
scored Hikima & Fasaha tv: 45
scored RB Criptomoedas e NFTs: 58.3
scored Geração de Ativos: 67.1
scored DIVULGADOR CRIPTO: 51.9
scored Trampo na Internet: 56.2
scored Rj Cripto: 57.1
scored Gustavo Toledo: 37.4
scored Aporge Education: 34.4
scored Bruno Costa: 49.5
scored FuoBR: 39
scored Carlos Crypto Night: 45.2
scored Formiga Inteligente Finanças: 57.4
scored Thiago Correa: 53.6
scored Yuri Gabriel: 45.4
scored Master Invest: 48.1
scored GNK cripto: 46.8
scored Brasil Bitcoin: 62.2
scored @investimentos em bitcoins: 56.5
scored Crypto Sincero: 65.6
scored Professor Binary: 40.8
scored fhonix-cloud: 41.2
{
  "input": "/Users/kennyyifeichen/Downloads/RedotPay-KOL-BD/creator-data/queues/batches/score_batch_BR_part2_2026-06-25.csv",
  "scored_full": "/Users/kennyyifeichen/Downloads/RedotPay-KOL-BD/creator-data/queues/batches/score_batch_BR_part2_2026-06-25_scored.csv",
  "ready_ge60": "/Users/kennyyifeichen/Downloads/RedotPay-KOL-BD/creator-data/queues/batches/score_batch_BR_part2_2026-06-25_ready.csv",
  "total": 72,
  "scored": 70,
  "ready_for_contact": 15,
  "added_to_ras_blacklist": 0,
  "already_in_db": 70,
  "report_refresh_triggered": 0,
  "failed": 2,
  "top": [
    {
      "name": "ForaDaPadrao",
      "ras": "81.1",
      "verdict": "Strong Fit",
      "email": "contato.foradopadrao.tv@gmail.com"
    },
    {
      "name": "Equilibrium Cripto",
      "ras": "75",
      "verdict": "Strong Fit",
      "email": "equilibriumcripto@gmail.com"
    },
    {
      "name": "Frankaii",
      "ras": "73.2",
      "verdict": "Good Fit",
      "email": "frankaiioficial@gmail.com"
    },
    {
      "name": "Geração de Ativos",
      "ras": "67.1",
      "verdict": "Good Fit",
      "email": "assetgeneration8@gmail.com"
    },
    {
      "name": "Bitcoin e Liberdade",
      "ras": "67",
      "verdict": "Good Fit",
      "email": "ojeda.felipe@ymail.com"
    },
    {
      "name": "[NFT]Landes - Jogue para ganhar",
      "ras": "66.8",
      "verdict": "Good Fit",
      "email": "nftlandes@gmail.com"
    },
    {
      "name": "Adriano da Uber",
      "ras": "66.1",
      "verdict": "Good Fit",
      "email": "redeempresariosdesucesso@gmail.com"
    },
    {
      "name": "Crypto Sincero",
      "ras": "65.6",
      "verdict": "Good Fit",
      "email": "canalcryptosincero@gmail.com"
    }
  ],
  "blacklisted": [
    {
      "name": "RB Criptomoedas e NFTs",
      "ras": "58.3",
      "verdict": "Watchlist"
    },
    {
      "name": "Coleta Cripto",
      "ras": "58.2",
      "verdict": "Watchlist"
    },
    {
      "name": "Cripto Investimentos",
      "ras": "57.7",
      "verdict": "Watchlist"
    },
    {
      "name": "Lucas Crypto",
      "ras": "57.6",
      "verdict": "Watchlist"
    },
    {
      "name": "Formiga Inteligente Finanças",
      "ras": "57.4",
      "verdict": "Watchlist"
    },
    {
      "name": "Rj Cripto",
      "ras": "57.1",
      "verdict": "Watchlist"
    },
    {
      "name": "Descomplicando Sinais De Cripto",
      "ras": "57",
      "verdict": "Watchlist"
    },
    {
      "name": "Dani Saints",
      "ras": "56.9",
      "verdict": "Watchlist"
    },
    {
      "name": "@investimentos em bitcoins",
      "ras": "56.5",
      "verdict": "Watchlist"
    },
    {
      "name": "Renda com Energia | Eletromobilidade",
      "ras": "56.4",
      "verdict": "Watchlist"
    },
    {
      "name": "Trampo na Internet",
      "ras": "56.2",
      "verdict": "Watchlist"
    },
    {
      "name": "Matheus Celtic",
      "ras": "56.1",
      "verdict": "Watchlist"
    },
    {
      "name": "André Renato Cripto",
      "ras": "55.8",
      "verdict": "Watchlist"
    },
    {
      "name": "Como investir com pouco?",
      "ras": "55.4",
      "verdict": "Watchlist"
    },
    {
      "name": "WEBMUNDO CRIPTO E RENDA EXTRA",
      "ras": "55",
      "verdict": "Watchlist"
    },
    {
      "name": "Fabricio RP",
      "ras": "54.8",
      "verdict": "Watchlist"
    },
    {
      "name": "Mistérios do Sol",
      "ras": "54.2",
      "verdict": "Watchlist"
    },
    {
      "name": "Thiago Correa",
      "ras": "53.6",
      "verdict": "Watchlist"
    },
    {
      "name": "Mestres dos Alphas",
      "ras": "53.2",
      "verdict": "Watchlist"
    },
    {
      "name": "INVESTIR DO ZERO",
      "ras": "52.5",
      "verdict": "Watchlist"
    },
    {
      "name": "DIVULGADOR CRIPTO",
      "ras": "51.9",
      "verdict": "Watchlist"
    },
    {
      "name": "Bear Trader",
      "ras": "50.6",
      "verdict": "Watchlist"
    },
    {
      "name": "Walisson Cash Extra",
      "ras": "50.5",
      "verdict": "Watchlist"
    },
    {
      "name": "Bity: Bitypreço | Bitybank | Biscoint",
      "ras": "50.3",
      "verdict": "Watchlist"
    },
    {
      "name": "mMETA POSSÍVEL",
      "ras": "50",
      "verdict": "Watchlist"
    },
    {
      "name": "Bruno Costa",
      "ras": "49.5",
      "verdict": "Watchlist"
    },
    {
      "name": "Profit to Profit",
      "ras": "48.8",
      "verdict": "Watchlist"
    },
    {
      "name": "Glasty",
      "ras": "48.7",
      "verdict": "Watchlist"
    },
    {
      "name": "Master Invest",
      "ras": "48.1",
      "verdict": "Watchlist"
    },
    {
      "name": "Fique Rico ou Morra Tentando",
      "ras": "47.6",
      "verdict": "Watchlist"
    },
    {
      "name": "GNK cripto",
      "ras": "46.8",
      "verdict": "Watchlist"
    },
    {
      "name": "Guilherme Eid Trader",
      "ras": "46.7",
      "verdict": "Watchlist"
    },
    {
      "name": "Lucas Dal Molin",
      "ras": "46.4",
      "verdict": "Watchlist"
    },
    {
      "name": "Make money",
      "ras": "46",
      "verdict": "Watchlist"
    },
    {
      "name": "Yuri Gabriel",
      "ras": "45.4",
      "verdict": "Watchlist"
    },
    {
      "name": "Carlos Crypto Night",
      "ras": "45.2",
      "verdict": "Watchlist"
    },
    {
      "name": "Persy",
      "ras": "45",
      "verdict": "Watchlist"
    },
    {
      "name": "Hikima & Fasaha tv",
      "ras": "45",
      "verdict": "Watchlist"
    },
    {
      "name": "Katabriga",
      "ras": "44.8",
      "verdict": "Exclude"
    },
    {
      "name": "MXK GERAÇÃO CRIPTO 🅥",
      "ras": "43.5",
      "verdict": "Exclude"
    },
    {
      "name": "ANALISANDO OS FATOS",
      "ras": "42.7",
      "verdict": "Exclude"
    },
    {
      "name": "MAX TI",
      "ras": "42.2",
      "verdict": "Exclude"
    },
    {
      "name": "Brasil Sertanejo",
      "ras": "42.2",
      "verdict": "Exclude"
    },
    {
      "name": "fhonix-cloud",
      "ras": "41.2",
      "verdict": "Exclude"
    },
    {
      "name": "Professor Binary",
      "ras": "40.8",
      "verdict": "Exclude"
    },
    {
      "name": "Quem Não Faz Toma",
      "ras": "39.5",
      "verdict": "Exclude"
    },
    {
      "name": "INSANOSfps",
      "ras": "39.3",
      "verdict": "Exclude"
    },
    {
      "name": "FuoBR",
      "ras": "39",
      "verdict": "Exclude"
    },
    {
      "name": "Diego Fornalha",
      "ras": "38.6",
      "verdict": "Exclude"
    },
    {
      "name": "Gustavo Toledo",
      "ras": "37.4",
      "verdict": "Exclude"
    },
    {
      "name": "Game Chain",
      "ras": "37.2",
      "verdict": "Exclude"
    },
    {
      "name": "Danilo Dukler",
      "ras": "36",
      "verdict": "Exclude"
    },
    {
      "name": "Aporge Education",
      "ras": "34.4",
      "verdict": "Exclude"
    },
    {
      "name": "GHO5T",
      "ras": "34.2",
      "verdict": "Exclude"
    },
    {
      "name": "PLAYER 7",
      "ras": "33.2",
      "verdict": "Exclude"
    }
  ]
}
batch attempt 2 failed: score_batch_BR_part2_2026-06-25
file:///Users/kennyyifeichen/Downloads/RedotPay-KOL-BD/creator-data/scripts/run-all-score-batches.mjs:175
    throw new Error(`Batch incomplete: ${slug}`);
          ^

Error: Batch incomplete: score_batch_BR_part2_2026-06-25
    at file:///Users/kennyyifeichen/Downloads/RedotPay-KOL-BD/creator-data/scripts/run-all-score-batches.mjs:175:11
    at ModuleJob.run (node:internal/modules/esm/module_job:439:25)
    at async node:internal/modules/esm/loader:633:26
    at async asyncRunEntryPointWithESMLoader (node:internal/modules/run_main:101:5)

Node.js v24.17.0
skip (done): score_batch_IN_2026-06-25
skip (done): score_batch_OTHERS_2026-06-25
skip (done): score_batch_CO_2026-06-25
skip (done): score_batch_AR_2026-06-25
skip (done): score_batch_CL_2026-06-25
skip (done): score_batch_PE_2026-06-25
skip (done): score_batch_VE_2026-06-25
skip (done): score_batch_BR_part1_2026-06-25
saved score_batch_BR_part2_2026-06-25: 15/72 ready | cumulative 113/307

=== scoring score_batch_BR_part3_2026-06-25 (Brazil) ===
scored Opções de Cripto: 56.1
scored Pai Peter: 47.8
scored Mentor Alexandre Ramos: 53.4
scored Jean Trendline: 47.9
scored Contadora Cripto | Blindagem Fiscal Cripto: 55
scored Voo da Coruja - Astrologia: 35.8
scored Lives do Marinho: 52.6
scored Henrique Bugão: 46.8
scored R7 TRADING: 51.8
scored Investidor Fora da Curva | por Rafa Ansani: 48
scored Jaime Valasek: 42.8
scored A Mente do Jorge: 54.4
scored AyrtonTV: 51
scored Marcus Cesar - Empreender: 50
scored Monitor do Mercado: 56.3
scored Simplesment Android: 35.2
scored FinTrender: 55.8
scored ShiSond: 31.7
scored CHAMELEON ANIME MMORPG: 38.7
scored Trader Mind: 43.7
scored Netuno - Renda Extra & Métodos: 66.7
scored Melhores Momentos MIR4: 44.5
scored Investidor Sardinha Cripto: 54.5
scored Fermito Oficial: 50.9
scored Ou vai Ou Hasha: 50.1
scored Val de Lis Oráculos: 39.6
scored CRIPTOMANIA: 60.2
scored Not Listed: 67.8
scored Explicando Bitcoin: 63.8
scored Prox React: 37.3
scored Clips DreamScape Booster: 40.3
scored GMJ Online Oficial: 37.1
scored INVESTIMENTOS RAÍZ: 45.3
scored Shay Souza: 59.4
scored Dioguito Midgamer: 35.6
scored Órbita Cripto: 64.9
scored Matheus Stangherlin: 55.8
scored Mundo Invest Oficial: 60
scored Jessé Gomes: 56.2
scored Rodrigo Criptomoedas: 55
scored Saia do Sistema: 45.7
scored A Investidora da Bolsa: 62.5
scored MARC MONTE CRISTO: 38.3
scored Bicheiro Cripto: 52.8
scored Bruno Alamino: 58.3
scored Israel LK Mistura-VíDeos: 41.8
scored criptoico: 50.5
scored Carol Daher: 55
scored Max Schiller: 50.5
scored Uno de Oliveira: 39
scored Kaleu Gamer: 37.6
scored Danielle Seyffert | Bitcoin: 65.6
scored serginh0fps: 36.4
scored React do VERDÃO: 49.4
scored Portal do Bitcoin: 35
scored CRIPTOMOEDAS E BLOCKCHAIN (JÚNIOR SPERANDIO): 49.7
scored Brasil Criptomoedas: 49.5
scored Fabio Veras - Protocolo Crypto: 60.4
scored Moon Cripto: 48.4
scored LeoCosta Crypto: 37.5
scored Deriva Invest: 59.6
scored CB Trader Disciplina Gestão  De Risco Consistência: 57.1
scored Crypto Rico: 47.7
scored Jogador Crypto: 68.6
scored Clube do Boxe BR: 45
scored speedshorts: 48
scored O Horda: 60.5
scored Leonardo Silva: 41.9
scored BITCOIN SNIPER SIBERIANO: 61.2
scored CanalQb: 50.7
scored Alexsandro R1000: 40.9
scored Guttierre: 36.6
{
  "input": "/Users/kennyyifeichen/Downloads/RedotPay-KOL-BD/creator-data/queues/batches/score_batch_BR_part3_2026-06-25.csv",
  "scored_full": "/Users/kennyyifeichen/Downloads/RedotPay-KOL-BD/creator-data/queues/batches/score_batch_BR_part3_2026-06-25_scored.csv",
  "ready_ge60": "/Users/kennyyifeichen/Downloads/RedotPay-KOL-BD/creator-data/queues/batches/score_batch_BR_part3_2026-06-25_ready.csv",
  "total": 72,
  "scored": 72,
  "ready_for_contact": 12,
  "added_to_ras_blacklist": 60,
  "already_in_db": 2,
  "report_refresh_triggered": 70,
  "failed": 0,
  "top": [
    {
      "name": "Jogador Crypto",
      "ras": "68.6",
      "verdict": "Good Fit",
      "email": "jogadorcrypto@outlook.com"
    },
    {
      "name": "Not Listed",
      "ras": "67.8",
      "verdict": "Good Fit",
      "email": "soumaicriptomoedas@gmail.com"
    },
    {
      "name": "Netuno - Renda Extra & Métodos",
      "ras": "66.7",
      "verdict": "Good Fit",
      "email": "cortescriptooficial@gmail.com"
    },
    {
      "name": "Danielle Seyffert | Bitcoin",
      "ras": "65.6",
      "verdict": "Good Fit",
      "email": "daniseyffert@gmail.com"
    },
    {
      "name": "Órbita Cripto",
      "ras": "64.9",
      "verdict": "Good Fit",
      "email": "orbitacripto@gmail.com"
    },
    {
      "name": "Explicando Bitcoin",
      "ras": "63.8",
      "verdict": "Good Fit",
      "email": "explicandobtc@walletofsatoshi.com"
    },
    {
      "name": "A Investidora da Bolsa",
      "ras": "62.5",
      "verdict": "Good Fit",
      "email": "bolsaainvestidora@gmail.com"
    },
    {
      "name": "BITCOIN SNIPER SIBERIANO",
      "ras": "61.2",
      "verdict": "Good Fit",
      "email": "bacanacesar@hotmail.com"
    }
  ],
  "blacklisted": [
    {
      "name": "Deriva Invest",
      "ras": "59.6",
      "verdict": "Watchlist"
    },
    {
      "name": "Shay Souza",
      "ras": "59.4",
      "verdict": "Watchlist"
    },
    {
      "name": "Bruno Alamino",
      "ras": "58.3",
      "verdict": "Watchlist"
    },
    {
      "name": "CB Trader Disciplina Gestão  De Risco Consistência",
      "ras": "57.1",
      "verdict": "Watchlist"
    },
    {
      "name": "Monitor do Mercado",
      "ras": "56.3",
      "verdict": "Watchlist"
    },
    {
      "name": "Jessé Gomes",
      "ras": "56.2",
      "verdict": "Watchlist"
    },
    {
      "name": "Opções de Cripto",
      "ras": "56.1",
      "verdict": "Watchlist"
    },
    {
      "name": "FinTrender",
      "ras": "55.8",
      "verdict": "Watchlist"
    },
    {
      "name": "Matheus Stangherlin",
      "ras": "55.8",
      "verdict": "Watchlist"
    },
    {
      "name": "Contadora Cripto | Blindagem Fiscal Cripto",
      "ras": "55",
      "verdict": "Watchlist"
    },
    {
      "name": "Rodrigo Criptomoedas",
      "ras": "55",
      "verdict": "Watchlist"
    },
    {
      "name": "Carol Daher",
      "ras": "55",
      "verdict": "Watchlist"
    },
    {
      "name": "Investidor Sardinha Cripto",
      "ras": "54.5",
      "verdict": "Watchlist"
    },
    {
      "name": "A Mente do Jorge",
      "ras": "54.4",
      "verdict": "Watchlist"
    },
    {
      "name": "Mentor Alexandre Ramos",
      "ras": "53.4",
      "verdict": "Watchlist"
    },
    {
      "name": "Bicheiro Cripto",
      "ras": "52.8",
      "verdict": "Watchlist"
    },
    {
      "name": "Lives do Marinho",
      "ras": "52.6",
      "verdict": "Watchlist"
    },
    {
      "name": "R7 TRADING",
      "ras": "51.8",
      "verdict": "Watchlist"
    },
    {
      "name": "AyrtonTV",
      "ras": "51",
      "verdict": "Watchlist"
    },
    {
      "name": "Fermito Oficial",
      "ras": "50.9",
      "verdict": "Watchlist"
    },
    {
      "name": "CanalQb",
      "ras": "50.7",
      "verdict": "Watchlist"
    },
    {
      "name": "criptoico",
      "ras": "50.5",
      "verdict": "Watchlist"
    },
    {
      "name": "Max Schiller",
      "ras": "50.5",
      "verdict": "Watchlist"
    },
    {
      "name": "Ou vai Ou Hasha",
      "ras": "50.1",
      "verdict": "Watchlist"
    },
    {
      "name": "Marcus Cesar - Empreender",
      "ras": "50",
      "verdict": "Watchlist"
    },
    {
      "name": "CRIPTOMOEDAS E BLOCKCHAIN (JÚNIOR SPERANDIO)",
      "ras": "49.7",
      "verdict": "Watchlist"
    },
    {
      "name": "Brasil Criptomoedas",
      "ras": "49.5",
      "verdict": "Watchlist"
    },
    {
      "name": "React do VERDÃO",
      "ras": "49.4",
      "verdict": "Watchlist"
    },
    {
      "name": "Moon Cripto",
      "ras": "48.4",
      "verdict": "Watchlist"
    },
    {
      "name": "Investidor Fora da Curva | por Rafa Ansani",
      "ras": "48",
      "verdict": "Watchlist"
    },
    {
      "name": "speedshorts",
      "ras": "48",
      "verdict": "Watchlist"
    },
    {
      "name": "Jean Trendline",
      "ras": "47.9",
      "verdict": "Watchlist"
    },
    {
      "name": "Pai Peter",
      "ras": "47.8",
      "verdict": "Watchlist"
    },
    {
      "name": "Crypto Rico",
      "ras": "47.7",
      "verdict": "Watchlist"
    },
    {
      "name": "Henrique Bugão",
      "ras": "46.8",
      "verdict": "Watchlist"
    },
    {
      "name": "Saia do Sistema",
      "ras": "45.7",
      "verdict": "Watchlist"
    },
    {
      "name": "INVESTIMENTOS RAÍZ",
      "ras": "45.3",
      "verdict": "Watchlist"
    },
    {
      "name": "Clube do Boxe BR",
      "ras": "45",
      "verdict": "Watchlist"
    },
    {
      "name": "Melhores Momentos MIR4",
      "ras": "44.5",
      "verdict": "Exclude"
    },
    {
      "name": "Trader Mind",
      "ras": "43.7",
      "verdict": "Exclude"
    },
    {
      "name": "Jaime Valasek",
      "ras": "42.8",
      "verdict": "Exclude"
    },
    {
      "name": "Leonardo Silva",
      "ras": "41.9",
      "verdict": "Exclude"
    },
    {
      "name": "Israel LK Mistura-VíDeos",
      "ras": "41.8",
      "verdict": "Exclude"
    },
    {
      "name": "Alexsandro R1000",
      "ras": "40.9",
      "verdict": "Exclude"
    },
    {
      "name": "Clips DreamScape Booster",
      "ras": "40.3",
      "verdict": "Exclude"
    },
    {
      "name": "Val de Lis Oráculos",
      "ras": "39.6",
      "verdict": "Exclude"
    },
    {
      "name": "Uno de Oliveira",
      "ras": "39",
      "verdict": "Exclude"
    },
    {
      "name": "CHAMELEON ANIME MMORPG",
      "ras": "38.7",
      "verdict": "Exclude"
    },
    {
      "name": "MARC MONTE CRISTO",
      "ras": "38.3",
      "verdict": "Exclude"
    },
    {
      "name": "Kaleu Gamer",
      "ras": "37.6",
      "verdict": "Exclude"
    },
    {
      "name": "LeoCosta Crypto",
      "ras": "37.5",
      "verdict": "Exclude"
    },
    {
      "name": "Prox React",
      "ras": "37.3",
      "verdict": "Exclude"
    },
    {
      "name": "GMJ Online Oficial",
      "ras": "37.1",
      "verdict": "Exclude"
    },
    {
      "name": "Guttierre",
      "ras": "36.6",
      "verdict": "Exclude"
    },
    {
      "name": "serginh0fps",
      "ras": "36.4",
      "verdict": "Exclude"
    },
    {
      "name": "Voo da Coruja - Astrologia",
      "ras": "35.8",
      "verdict": "Exclude"
    },
    {
      "name": "Dioguito Midgamer",
      "ras": "35.6",
      "verdict": "Exclude"
    },
    {
      "name": "Simplesment Android",
      "ras": "35.2",
      "verdict": "Exclude"
    },
    {
      "name": "Portal do Bitcoin",
      "ras": "35",
      "verdict": "Exclude"
    },
    {
      "name": "ShiSond",
      "ras": "31.7",
      "verdict": "Exclude"
    }
  ]
}
saved score_batch_BR_part3_2026-06-25: 12/72 ready | cumulative 125/379
{
  "done": true,
  "progress_file": "/Users/kennyyifeichen/Downloads/RedotPay-KOL-BD/creator-data/queues/batches/results/batch_progress.json",
  "all_scored": "/Users/kennyyifeichen/Downloads/RedotPay-KOL-BD/creator-data/queues/batches/results/all_scored.csv",
  "all_ready": "/Users/kennyyifeichen/Downloads/RedotPay-KOL-BD/creator-data/queues/batches/results/all_ready.csv",
  "completed": [
    "score_batch_IN_2026-06-25",
    "score_batch_OTHERS_2026-06-25",
    "score_batch_CO_2026-06-25",
    "score_batch_AR_2026-06-25",
    "score_batch_CL_2026-06-25",
    "score_batch_PE_2026-06-25",
    "score_batch_VE_2026-06-25",
    "score_batch_BR_part1_2026-06-25",
    "score_batch_BR_part2_2026-06-25",
    "score_batch_BR_part3_2026-06-25"
  ],
  "batches": {
    "score_batch_IN_2026-06-25": {
      "market": "India",
      "total": 80,
      "ready_ge60": 43,
      "scored": 80,
      "finished_at": "2026-06-26T03:29:36.395Z"
    },
    "score_batch_OTHERS_2026-06-25": {
      "market": "India",
      "total": 7,
      "ready_ge60": 1,
      "scored": 7,
      "finished_at": "2026-06-26T03:31:55.048Z"
    },
    "score_batch_CO_2026-06-25": {
      "market": "Colombia",
      "total": 29,
      "ready_ge60": 4,
      "scored": 29,
      "finished_at": "2026-06-26T03:38:55.496Z"
    },
    "score_batch_AR_2026-06-25": {
      "market": "Argentina",
      "total": 29,
      "ready_ge60": 13,
      "scored": 29,
      "finished_at": "2026-06-26T04:45:33.281Z"
    },
    "score_batch_CL_2026-06-25": {
      "market": "Chile",
      "total": 8,
      "ready_ge60": 0,
      "scored": 8,
      "finished_at": "2026-06-26T04:48:57.504Z"
    },
    "score_batch_PE_2026-06-25": {
      "market": "Peru",
      "total": 6,
      "ready_ge60": 0,
      "scored": 6,
      "finished_at": "2026-06-26T04:52:27.740Z"
    },
    "score_batch_VE_2026-06-25": {
      "market": "Venezuela",
      "total": 4,
      "ready_ge60": 0,
      "scored": 4,
      "finished_at": "2026-06-26T04:54:29.709Z"
    },
    "score_batch_BR_part1_2026-06-25": {
      "market": "Brazil",
      "total": 72,
      "ready_ge60": 37,
      "scored": 71,
      "finished_at": "2026-06-26T05:28:59.282Z"
    },
    "score_batch_BR_part2_2026-06-25": {
      "market": "Brazil",
      "total": 72,
      "ready_ge60": 15,
      "scored": 70,
      "finished_at": "2026-06-26T06:29:31.474Z"
    },
    "score_batch_BR_part3_2026-06-25": {
      "market": "Brazil",
      "total": 72,
      "ready_ge60": 12,
      "scored": 72,
      "finished_at": "2026-06-26T06:49:35.800Z"
    }
  },
  "cumulative": {
    "total": 379,
    "ready": 125,
    "below60": 251
  },
  "updated_at": "2026-06-26T06:49:35.800Z"
}
